<?xml version="1.0" encoding="UTF-8"?>
<!-- Generated by org.testng.reporters.JUnitReportReporter -->
<testsuite hostname="DESKTOP-T9QB16V" failures="0" tests="3" name="testcase1.Search" time="33.630" errors="0" timestamp="2023-07-09T19:21:23 IST" skipped="0">
  <testcase classname="testcase1.Search" name="verifySearchWithValidProduct" time="18.878"/>
  <testcase classname="testcase1.Search" name="VerifySearchWithInvalidProduct" time="8.721"/>
  <testcase classname="testcase1.Search" name="VerifySearchWIthoutProductName" time="6.031"/>
</testsuite> <!-- testcase1.Search -->
