<?xml version="1.0" encoding="UTF-8"?>
<!-- Generated by org.testng.reporters.JUnitReportReporter -->
<testsuite hostname="LAP-IN-NOUS8" failures="0" tests="1" name="testcase1.Login" time="30.789" errors="0" timestamp="2023-07-14T19:00:54 IST" skipped="0">
  <testcase classname="testcase1.Login" name="Loginwithvalidcredentials" time="30.789"/>
</testsuite> <!-- testcase1.Login -->
