<?xml version="1.0" encoding="UTF-8"?>
<!-- Generated by org.testng.reporters.JUnitReportReporter -->
<testsuite hostname="DESKTOP-T9QB16V" failures="0" tests="1" name="testcase1.Register" time="14.321" errors="0" timestamp="2023-07-13T21:27:21 IST" skipped="0">
  <testcase classname="testcase1.Register" name="RegisterWithValidCred" time="14.321"/>
</testsuite> <!-- testcase1.Register -->
